<?xml version="1.0" encoding="UTF-8" ?>
<testsuite tests="13" failures="10" name="algorithmProbs.arrays.ArraysProbsTest" time="0.001" errors="0" skipped="0">
  <properties>
    <property name="java.runtime.name" value="Java(TM) SE Runtime Environment"/>
    <property name="sun.boot.library.path" value="/Library/Java/JavaVirtualMachines/jdk1.8.0_66.jdk/Contents/Home/jre/lib"/>
    <property name="java.vm.version" value="25.66-b17"/>
    <property name="gopherProxySet" value="false"/>
    <property name="java.vm.vendor" value="Oracle Corporation"/>
    <property name="java.vendor.url" value="http://java.oracle.com/"/>
    <property name="path.separator" value=":"/>
    <property name="guice.disable.misplaced.annotation.check" value="true"/>
    <property name="java.vm.name" value="Java HotSpot(TM) 64-Bit Server VM"/>
    <property name="file.encoding.pkg" value="sun.io"/>
    <property name="user.country" value="US"/>
    <property name="sun.java.launcher" value="SUN_STANDARD"/>
    <property name="sun.os.patch.level" value="unknown"/>
    <property name="java.vm.specification.name" value="Java Virtual Machine Specification"/>
    <property name="user.dir" value="/Users/212393859/Documents/Moni/Projects/Algorithms"/>
    <property name="java.runtime.version" value="1.8.0_66-b17"/>
    <property name="java.awt.graphicsenv" value="sun.awt.CGraphicsEnvironment"/>
    <property name="java.endorsed.dirs" value="/Library/Java/JavaVirtualMachines/jdk1.8.0_66.jdk/Contents/Home/jre/lib/endorsed"/>
    <property name="os.arch" value="x86_64"/>
    <property name="java.io.tmpdir" value="/var/folders/fl/p2s69qz538q8f6cn79w4rkfntfrb4s/T/"/>
    <property name="line.separator" value="
"/>
    <property name="java.vm.specification.vendor" value="Oracle Corporation"/>
    <property name="os.name" value="Mac OS X"/>
    <property name="classworlds.conf" value="/Users/212393859/Documents/Moni/Projects/.metadata/.plugins/org.eclipse.m2e.launching/launches/m2conf8698691739024935110.tmp"/>
    <property name="sun.jnu.encoding" value="UTF-8"/>
    <property name="java.library.path" value="/Users/212393859/Library/Java/Extensions:/Library/Java/Extensions:/Network/Library/Java/Extensions:/System/Library/Java/Extensions:/usr/lib/java:."/>
    <property name="java.specification.name" value="Java Platform API Specification"/>
    <property name="java.class.version" value="52.0"/>
    <property name="sun.management.compiler" value="HotSpot 64-Bit Tiered Compilers"/>
    <property name="os.version" value="10.12.3"/>
    <property name="http.nonProxyHosts" value="local 169.254/16|*.local 169.254/16"/>
    <property name="user.home" value="/Users/212393859"/>
    <property name="user.timezone" value="America/Los_Angeles"/>
    <property name="java.awt.printerjob" value="sun.lwawt.macosx.CPrinterJob"/>
    <property name="java.specification.version" value="1.8"/>
    <property name="file.encoding" value="UTF-8"/>
    <property name="user.name" value="212393859"/>
    <property name="java.class.path" value="/Users/212393859/springsource/sts-3.4.0.RELEASE/configuration/org.eclipse.osgi/bundles/578/1/.cp/jars/plexus-classworlds-2.4.jar"/>
    <property name="java.vm.specification.version" value="1.8"/>
    <property name="sun.arch.data.model" value="64"/>
    <property name="java.home" value="/Library/Java/JavaVirtualMachines/jdk1.8.0_66.jdk/Contents/Home/jre"/>
    <property name="sun.java.command" value="org.codehaus.plexus.classworlds.launcher.Launcher -B -s /Users/212393859/.m2/settings.xml install"/>
    <property name="java.specification.vendor" value="Oracle Corporation"/>
    <property name="user.language" value="en"/>
    <property name="awt.toolkit" value="sun.lwawt.macosx.LWCToolkit"/>
    <property name="java.vm.info" value="mixed mode"/>
    <property name="java.version" value="1.8.0_66"/>
    <property name="java.ext.dirs" value="/Users/212393859/Library/Java/Extensions:/Library/Java/JavaVirtualMachines/jdk1.8.0_66.jdk/Contents/Home/jre/lib/ext:/Library/Java/Extensions:/Network/Library/Java/Extensions:/System/Library/Java/Extensions:/usr/lib/java"/>
    <property name="sun.boot.class.path" value="/Library/Java/JavaVirtualMachines/jdk1.8.0_66.jdk/Contents/Home/jre/lib/resources.jar:/Library/Java/JavaVirtualMachines/jdk1.8.0_66.jdk/Contents/Home/jre/lib/rt.jar:/Library/Java/JavaVirtualMachines/jdk1.8.0_66.jdk/Contents/Home/jre/lib/sunrsasign.jar:/Library/Java/JavaVirtualMachines/jdk1.8.0_66.jdk/Contents/Home/jre/lib/jsse.jar:/Library/Java/JavaVirtualMachines/jdk1.8.0_66.jdk/Contents/Home/jre/lib/jce.jar:/Library/Java/JavaVirtualMachines/jdk1.8.0_66.jdk/Contents/Home/jre/lib/charsets.jar:/Library/Java/JavaVirtualMachines/jdk1.8.0_66.jdk/Contents/Home/jre/lib/jfr.jar:/Library/Java/JavaVirtualMachines/jdk1.8.0_66.jdk/Contents/Home/jre/classes"/>
    <property name="java.vendor" value="Oracle Corporation"/>
    <property name="maven.home" value="/Users/212393859/Documents/Moni/Projects/Algorithms/EMBEDDED"/>
    <property name="file.separator" value="/"/>
    <property name="java.vendor.url.bug" value="http://bugreport.sun.com/bugreport/"/>
    <property name="maven.bootclasspath" value="/Users/212393859/springsource/sts-3.4.0.RELEASE/configuration/org.eclipse.osgi/bundles/578/1/.cp/jars/plexus-classworlds-2.4.jar"/>
    <property name="sun.cpu.endian" value="little"/>
    <property name="sun.io.unicode.encoding" value="UnicodeBig"/>
    <property name="socksNonProxyHosts" value="local 169.254/16|*.local 169.254/16"/>
    <property name="ftp.nonProxyHosts" value="local 169.254/16|*.local 169.254/16"/>
    <property name="sun.cpu.isalist" value=""/>
  </properties>
  <testcase classname="algorithmProbs.arrays.ArraysProbsTest" name="algorithmProbs.arrays.ArraysProbsTest.testIsOneBitCharacter_oneBit" time="0">
    <failure message="org/junit/Assert" type="java.lang.NoClassDefFoundError">java.lang.NoClassDefFoundError: org/junit/Assert
	at algorithmProbs.arrays.ArraysProbsTest.testIsOneBitCharacter_oneBit(ArraysProbsTest.java:23)
Caused by: java.lang.ClassNotFoundException: org.junit.Assert
	at java.net.URLClassLoader.findClass(URLClassLoader.java:381)
	at java.lang.ClassLoader.loadClass(ClassLoader.java:424)
	at sun.misc.Launcher$AppClassLoader.loadClass(Launcher.java:331)
	at java.lang.ClassLoader.loadClass(ClassLoader.java:357)
	... 19 more
</failure>
  </testcase>
  <testcase classname="algorithmProbs.arrays.ArraysProbsTest" name="algorithmProbs.arrays.ArraysProbsTest.testIsOneBitCharacter_twoBits" time="0">
    <failure message="org/junit/Assert" type="java.lang.NoClassDefFoundError">java.lang.NoClassDefFoundError: org/junit/Assert
	at algorithmProbs.arrays.ArraysProbsTest.testIsOneBitCharacter_twoBits(ArraysProbsTest.java:31)
</failure>
  </testcase>
  <testcase classname="algorithmProbs.arrays.ArraysProbsTest" name="algorithmProbs.arrays.ArraysProbsTest.testGeneratePascalTriangle" time="0"/>
  <testcase classname="algorithmProbs.arrays.ArraysProbsTest" name="algorithmProbs.arrays.ArraysProbsTest.testGeneratePascalTriangle_Optimized" time="0"/>
  <testcase classname="algorithmProbs.arrays.ArraysProbsTest" name="algorithmProbs.arrays.ArraysProbsTest.testMaximumProduct" time="0">
    <failure message="org/junit/Assert" type="java.lang.NoClassDefFoundError">java.lang.NoClassDefFoundError: org/junit/Assert
	at algorithmProbs.arrays.ArraysProbsTest.testMaximumProduct(ArraysProbsTest.java:57)
</failure>
  </testcase>
  <testcase classname="algorithmProbs.arrays.ArraysProbsTest" name="algorithmProbs.arrays.ArraysProbsTest.testFindMaxAverage" time="0">
    <failure message="org/junit/Assert" type="java.lang.NoClassDefFoundError">java.lang.NoClassDefFoundError: org/junit/Assert
	at algorithmProbs.arrays.ArraysProbsTest.testFindMaxAverage(ArraysProbsTest.java:67)
</failure>
  </testcase>
  <testcase classname="algorithmProbs.arrays.ArraysProbsTest" name="algorithmProbs.arrays.ArraysProbsTest.testCanPlaceFlowers" time="0">
    <failure message="org/junit/Assert" type="java.lang.NoClassDefFoundError">java.lang.NoClassDefFoundError: org/junit/Assert
	at algorithmProbs.arrays.ArraysProbsTest.testCanPlaceFlowers(ArraysProbsTest.java:77)
</failure>
  </testcase>
  <testcase classname="algorithmProbs.arrays.ArraysProbsTest" name="algorithmProbs.arrays.ArraysProbsTest.testMatrixReshape" time="0"/>
  <testcase classname="algorithmProbs.arrays.ArraysProbsTest" name="algorithmProbs.arrays.ArraysProbsTest.testArrayPairSum" time="0">
    <failure message="org/junit/Assert" type="java.lang.NoClassDefFoundError">java.lang.NoClassDefFoundError: org/junit/Assert
	at algorithmProbs.arrays.ArraysProbsTest.testArrayPairSum(ArraysProbsTest.java:98)
</failure>
  </testcase>
  <testcase classname="algorithmProbs.arrays.ArraysProbsTest" name="algorithmProbs.arrays.ArraysProbsTest.testPivotIndex" time="0">
    <failure message="org/junit/Assert" type="java.lang.NoClassDefFoundError">java.lang.NoClassDefFoundError: org/junit/Assert
	at algorithmProbs.arrays.ArraysProbsTest.testPivotIndex(ArraysProbsTest.java:107)
</failure>
  </testcase>
  <testcase classname="algorithmProbs.arrays.ArraysProbsTest" name="algorithmProbs.arrays.ArraysProbsTest.testCheckPossibility" time="0">
    <failure message="org/junit/Assert" type="java.lang.NoClassDefFoundError">java.lang.NoClassDefFoundError: org/junit/Assert
	at algorithmProbs.arrays.ArraysProbsTest.testCheckPossibility(ArraysProbsTest.java:122)
</failure>
  </testcase>
  <testcase classname="algorithmProbs.arrays.ArraysProbsTest" name="algorithmProbs.arrays.ArraysProbsTest.testFindPairs" time="0">
    <failure message="org/junit/Assert" type="java.lang.NoClassDefFoundError">java.lang.NoClassDefFoundError: org/junit/Assert
	at algorithmProbs.arrays.ArraysProbsTest.testFindPairs(ArraysProbsTest.java:133)
</failure>
  </testcase>
  <testcase classname="algorithmProbs.arrays.ArraysProbsTest" name="algorithmProbs.arrays.ArraysProbsTest.testFindShortestSubArray" time="0.001">
    <failure message="org/junit/Assert" type="java.lang.NoClassDefFoundError">java.lang.NoClassDefFoundError: org/junit/Assert
	at algorithmProbs.arrays.ArraysProbsTest.testFindShortestSubArray(ArraysProbsTest.java:144)
</failure>
  </testcase>
</testsuite>