<?xml version="1.0" encoding="UTF-8" ?>
<testsuite tests="13" failures="10" name="algorithmProbs.arrays.ArraysProbsTest" time="0.001" errors="0" skipped="0">
  <properties>
[...]
</properties>
  <testcase classname="algorithmProbs.arrays.ArraysProbsTest" name="algorithmProbs.arrays.ArraysProbsTest.testIsOneBitCharacter_oneBit" time="0">
    <failure message="org/junit/Assert" type="java.lang.NoClassDefFoundError">java.lang.NoClassDefFoundError: org/junit/Assert
	at algorithmProbs.arrays.ArraysProbsTest.testIsOneBitCharacter_oneBit(ArraysProbsTest.java:23)
Caused by: java.lang.ClassNotFoundException: org.junit.Assert
	at java.net.URLClassLoader.findClass(URLClassLoader.java:381)
	at java.lang.ClassLoader.loadClass(ClassLoader.java:424)
	at sun.misc.Launcher$AppClassLoader.loadClass(Launcher.java:331)
	at java.lang.ClassLoader.loadClass(ClassLoader.java:357)
	... 19 more
</failure>
  </testcase>
  <testcase classname="algorithmProbs.arrays.ArraysProbsTest" name="algorithmProbs.arrays.ArraysProbsTest.testIsOneBitCharacter_twoBits" time="0">
    <failure message="org/junit/Assert" type="java.lang.NoClassDefFoundError">java.lang.NoClassDefFoundError: org/junit/Assert
	at algorithmProbs.arrays.ArraysProbsTest.testIsOneBitCharacter_twoBits(ArraysProbsTest.java:31)
</failure>
  </testcase>
  <testcase classname="algorithmProbs.arrays.ArraysProbsTest" name="algorithmProbs.arrays.ArraysProbsTest.testGeneratePascalTriangle" time="0"/>
  <testcase classname="algorithmProbs.arrays.ArraysProbsTest" name="algorithmProbs.arrays.ArraysProbsTest.testGeneratePascalTriangle_Optimized" time="0"/>
  <testcase classname="algorithmProbs.arrays.ArraysProbsTest" name="algorithmProbs.arrays.ArraysProbsTest.testMaximumProduct" time="0">
    <failure message="org/junit/Assert" type="java.lang.NoClassDefFoundError">java.lang.NoClassDefFoundError: org/junit/Assert
	at algorithmProbs.arrays.ArraysProbsTest.testMaximumProduct(ArraysProbsTest.java:57)
</failure>
  </testcase>
  <testcase classname="algorithmProbs.arrays.ArraysProbsTest" name="algorithmProbs.arrays.ArraysProbsTest.testFindMaxAverage" time="0">
    <failure message="org/junit/Assert" type="java.lang.NoClassDefFoundError">java.lang.NoClassDefFoundError: org/junit/Assert
	at algorithmProbs.arrays.ArraysProbsTest.testFindMaxAverage(ArraysProbsTest.java:67)
</failure>
  </testcase>
  <testcase classname="algorithmProbs.arrays.ArraysProbsTest" name="algorithmProbs.arrays.ArraysProbsTest.testCanPlaceFlowers" time="0">
    <failure message="org/junit/Assert" type="java.lang.NoClassDefFoundError">java.lang.NoClassDefFoundError: org/junit/Assert
	at algorithmProbs.arrays.ArraysProbsTest.testCanPlaceFlowers(ArraysProbsTest.java:77)
</failure>
  </testcase>
  <testcase classname="algorithmProbs.arrays.ArraysProbsTest" name="algorithmProbs.arrays.ArraysProbsTest.testMatrixReshape" time="0"/>
  <testcase classname="algorithmProbs.arrays.ArraysProbsTest" name="algorithmProbs.arrays.ArraysProbsTest.testArrayPairSum" time="0">
    <failure message="org/junit/Assert" type="java.lang.NoClassDefFoundError">java.lang.NoClassDefFoundError: org/junit/Assert
	at algorithmProbs.arrays.ArraysProbsTest.testArrayPairSum(ArraysProbsTest.java:98)
</failure>
  </testcase>
  <testcase classname="algorithmProbs.arrays.ArraysProbsTest" name="algorithmProbs.arrays.ArraysProbsTest.testPivotIndex" time="0">
    <failure message="org/junit/Assert" type="java.lang.NoClassDefFoundError">java.lang.NoClassDefFoundError: org/junit/Assert
	at algorithmProbs.arrays.ArraysProbsTest.testPivotIndex(ArraysProbsTest.java:107)
</failure>
  </testcase>
  <testcase classname="algorithmProbs.arrays.ArraysProbsTest" name="algorithmProbs.arrays.ArraysProbsTest.testCheckPossibility" time="0">
    <failure message="org/junit/Assert" type="java.lang.NoClassDefFoundError">java.lang.NoClassDefFoundError: org/junit/Assert
	at algorithmProbs.arrays.ArraysProbsTest.testCheckPossibility(ArraysProbsTest.java:122)
</failure>
  </testcase>
  <testcase classname="algorithmProbs.arrays.ArraysProbsTest" name="algorithmProbs.arrays.ArraysProbsTest.testFindPairs" time="0">
    <failure message="org/junit/Assert" type="java.lang.NoClassDefFoundError">java.lang.NoClassDefFoundError: org/junit/Assert
	at algorithmProbs.arrays.ArraysProbsTest.testFindPairs(ArraysProbsTest.java:133)
</failure>
  </testcase>
  <testcase classname="algorithmProbs.arrays.ArraysProbsTest" name="algorithmProbs.arrays.ArraysProbsTest.testFindShortestSubArray" time="0.001">
    <failure message="org/junit/Assert" type="java.lang.NoClassDefFoundError">java.lang.NoClassDefFoundError: org/junit/Assert
	at algorithmProbs.arrays.ArraysProbsTest.testFindShortestSubArray(ArraysProbsTest.java:144)
</failure>
  </testcase>
</testsuite>